<?xml version="1.0" encoding="UTF-8"?>
<testng-results skipped="0" failed="0" total="2" passed="2">
  <reporter-output>
  </reporter-output>
  <suite name="Test_Suite" duration-ms="114" started-at="2015-09-23T15:12:05Z" finished-at="2015-09-23T15:12:05Z">
    <groups>
    </groups>
    <test name="Test_Cases" duration-ms="114" started-at="2015-09-23T15:12:05Z" finished-at="2015-09-23T15:12:05Z">
      <class name="Test.TestCase1">
        <test-method status="PASS" signature="case1()[pri:0, instance:Test.TestCase1@28864e92]" name="case1" duration-ms="41" started-at="2015-09-23T20:42:05Z" finished-at="2015-09-23T20:42:05Z">
          <reporter-output>
          </reporter-output>
        </test-method> <!-- case1 -->
      </class> <!-- Test.TestCase1 -->
      <class name="Test.TestCase2">
        <test-method status="PASS" signature="Case2()[pri:0, instance:Test.TestCase2@6833ce2c]" name="Case2" duration-ms="4" started-at="2015-09-23T20:42:05Z" finished-at="2015-09-23T20:42:05Z">
          <reporter-output>
          </reporter-output>
        </test-method> <!-- Case2 -->
      </class> <!-- Test.TestCase2 -->
    </test> <!-- Test_Cases -->
  </suite> <!-- Test_Suite -->
</testng-results>
