<?xml version="1.0" encoding="UTF-8"?>
<!-- Generated by org.testng.reporters.JUnitXMLReporter -->
<testsuite hostname="WIN8PRO-64-20" name="Default test" tests="14" failures="0" timestamp="12 Aug 2015 20:00:05 GMT" time="205.774" errors="0">
  <testcase name="search_location" time="13.566" classname="weather.NewTest"/>
  <testcase name="Sequencetab" time="5.288" classname="weather.NewTest"/>
  <testcase name="search_api" time="68.454" classname="weather.NewTest"/>
  <testcase name="SaveFile" time="12.739" classname="weather.NewTest"/>
  <testcase name="Validate_ord" time="0.67" classname="weather.NewTest"/>
  <testcase name="Validate_pln" time="0.125" classname="weather.NewTest"/>
  <testcase name="Validate_Zip" time="0.187" classname="weather.NewTest"/>
  <testcase name="Validate_DMA" time="0.063" classname="weather.NewTest"/>
  <testcase name="Validate_rmid" time="0.094" classname="weather.NewTest"/>
  <testcase name="wfx_data" time="34.268" classname="weather.NewTest"/>
  <testcase name="Lotamecustdata" time="33.322" classname="weather.NewTest"/>
  <testcase name="LotameVerify" time="2.014" classname="weather.NewTest"/>
  <testcase name="wfxverification" time="0.078" classname="weather.NewTest"/>
  <testcase name="Lotameverification" time="0.068" classname="weather.NewTest"/>
</testsuite> <!-- Default test -->
